<?xml version="1.0" encoding="UTF-8"?>
<testng-results skipped="0" failed="0" total="4" passed="4">
  <reporter-output>
  </reporter-output>
  <suite name="SampleSuite" duration-ms="43554" started-at="2014-08-22T10:44:51Z" finished-at="2014-08-22T10:45:35Z">
    <groups>
    </groups>
    <test name="Login_113" duration-ms="33955" started-at="2014-08-22T10:44:51Z" finished-at="2014-08-22T10:45:25Z">
      <class name="tests.LoginTest113">
        <test-method status="PASS" signature="miq113()[pri:0, instance:tests.LoginTest113@feca44]" name="miq113" is-config="true" duration-ms="9693" started-at="2014-08-22T16:14:51Z" finished-at="2014-08-22T16:15:01Z">
          <reporter-output>
          </reporter-output>
        </test-method> <!-- miq113 -->
        <test-method status="PASS" signature="login113()[pri:0, instance:tests.LoginTest113@feca44]" name="login113" duration-ms="13881" started-at="2014-08-22T16:15:01Z" finished-at="2014-08-22T16:15:15Z">
          <reporter-output>
          </reporter-output>
        </test-method> <!-- login113 -->
        <test-method status="PASS" signature="logout113()[pri:0, instance:tests.LoginTest113@feca44]" name="logout113" duration-ms="5729" started-at="2014-08-22T16:15:17Z" depends-on-methods="tests.LoginTest113.login113" finished-at="2014-08-22T16:15:23Z">
          <reporter-output>
          </reporter-output>
        </test-method> <!-- logout113 -->
      </class> <!-- tests.LoginTest113 -->
    </test> <!-- Login_113 -->
    <test name="Login_51" duration-ms="43554" started-at="2014-08-22T10:44:51Z" finished-at="2014-08-22T10:45:35Z">
      <class name="tests.LoginTest51">
        <test-method status="PASS" signature="miq51()[pri:0, instance:tests.LoginTest51@12c2a62]" name="miq51" is-config="true" duration-ms="11616" started-at="2014-08-22T16:14:51Z" finished-at="2014-08-22T16:15:03Z">
          <reporter-output>
          </reporter-output>
        </test-method> <!-- miq51 -->
        <test-method status="PASS" signature="login51()[pri:0, instance:tests.LoginTest51@12c2a62]" name="login51" duration-ms="17582" started-at="2014-08-22T16:15:03Z" description="login51--&gt;class--&gt;LoginTest51--&gt;tests" finished-at="2014-08-22T16:15:20Z">
          <reporter-output>
          </reporter-output>
        </test-method> <!-- login51 -->
        <test-method status="PASS" signature="logout51()[pri:0, instance:tests.LoginTest51@12c2a62]" name="logout51" duration-ms="10345" started-at="2014-08-22T16:15:22Z" depends-on-methods="tests.LoginTest51.login51" finished-at="2014-08-22T16:15:33Z">
          <reporter-output>
          </reporter-output>
        </test-method> <!-- logout51 -->
      </class> <!-- tests.LoginTest51 -->
    </test> <!-- Login_51 -->
  </suite> <!-- SampleSuite -->
</testng-results>
